{
  "summary": {
    "outcome": "Failed",
    "testsRan": 4,
    "passing": 2,
    "failing": 2,
    "skipped": 0,
    "passRate": "50%",
    "failRate": "50%",
    "skipRate": "0%",
    "testStartTime": "Thu Apr 13 2023 17:31:59",
    "testExecutionTimeInMs": 52,
    "testTotalTimeInMs": 52,
    "commandTimeInMs": 178,
    "hostname": "https://d8d0000090l4eeaq-dev-ed.develop.my.salesforce.com",
    "orgId": "00D8d0000090l4EEAQ",
    "username": "ridvansaman34@gmail.com",
    "testRunId": "7078d000039dyx6",
    "userId": "0058d000005gLuVAAU"
  },
  "tests": [
    {
      "id": "07M8d000002JtMDEA0",
      "queueItemId": "7098d000000V0YWAA0",
      "stackTrace": "Class.CalculatorTest.addTwonumber: line 22, column 1",
      "message": "System.AssertException: Assertion Failed: Unexpected result from add: Expected: 3, Actual: 8",
      "asyncApexJobId": "7078d000039dyx6AAA",
      "methodName": "addTwonumber",
      "outcome": "Fail",
      "apexLogId": "07L8d000006Kj27EAC",
      "apexClass": {
        "id": "01p8d00000QwvGoAAJ",
        "name": "CalculatorTest",
        "namespacePrefix": null,
        "fullName": "CalculatorTest"
      },
      "runTime": 41,
      "testTimestamp": "2023-04-13T16:31:59.000+0000",
      "fullName": "CalculatorTest.addTwonumber",
      "diagnostic": {
        "exceptionMessage": "System.AssertException: Assertion Failed: Unexpected result from add: Expected: 3, Actual: 8",
        "exceptionStackTrace": "Class.CalculatorTest.addTwonumber: line 22, column 1",
        "className": "CalculatorTest",
        "compileProblem": "",
        "lineNumber": 22,
        "columnNumber": 1
      }
    },
    {
      "id": "07M8d000002JtMEEA0",
      "queueItemId": "7098d000000V0YWAA0",
      "stackTrace": null,
      "message": null,
      "asyncApexJobId": "7078d000039dyx6AAA",
      "methodName": "testMethod1",
      "outcome": "Pass",
      "apexLogId": "07L8d000006Kj27EAC",
      "apexClass": {
        "id": "01p8d00000QwvGoAAJ",
        "name": "CalculatorTest",
        "namespacePrefix": null,
        "fullName": "CalculatorTest"
      },
      "runTime": 4,
      "testTimestamp": "2023-04-13T16:31:59.000+0000",
      "fullName": "CalculatorTest.testMethod1"
    },
    {
      "id": "07M8d000002JtMFEA0",
      "queueItemId": "7098d000000V0YWAA0",
      "stackTrace": "Class.CalculatorTest.testMethodAdd1: line 14, column 1",
      "message": "System.AssertException: Assertion Failed: Expected: 165, Actual: 170",
      "asyncApexJobId": "7078d000039dyx6AAA",
      "methodName": "testMethodAdd1",
      "outcome": "Fail",
      "apexLogId": "07L8d000006Kj27EAC",
      "apexClass": {
        "id": "01p8d00000QwvGoAAJ",
        "name": "CalculatorTest",
        "namespacePrefix": null,
        "fullName": "CalculatorTest"
      },
      "runTime": 3,
      "testTimestamp": "2023-04-13T16:31:59.000+0000",
      "fullName": "CalculatorTest.testMethodAdd1",
      "diagnostic": {
        "exceptionMessage": "System.AssertException: Assertion Failed: Expected: 165, Actual: 170",
        "exceptionStackTrace": "Class.CalculatorTest.testMethodAdd1: line 14, column 1",
        "className": "CalculatorTest",
        "compileProblem": "",
        "lineNumber": 14,
        "columnNumber": 1
      }
    },
    {
      "id": "07M8d000002JtMGEA0",
      "queueItemId": "7098d000000V0YWAA0",
      "stackTrace": null,
      "message": null,
      "asyncApexJobId": "7078d000039dyx6AAA",
      "methodName": "testMethodAdd2",
      "outcome": "Pass",
      "apexLogId": "07L8d000006Kj27EAC",
      "apexClass": {
        "id": "01p8d00000QwvGoAAJ",
        "name": "CalculatorTest",
        "namespacePrefix": null,
        "fullName": "CalculatorTest"
      },
      "runTime": 4,
      "testTimestamp": "2023-04-13T16:31:59.000+0000",
      "fullName": "CalculatorTest.testMethodAdd2"
    }
  ]
}