{
  "summary": {
    "outcome": "Failed",
    "testsRan": 1,
    "passing": 0,
    "failing": 1,
    "skipped": 0,
    "passRate": "0%",
    "failRate": "100%",
    "skipRate": "0%",
    "testStartTime": "Thu Apr 13 2023 17:09:54",
    "testExecutionTimeInMs": 26,
    "testTotalTimeInMs": 26,
    "commandTimeInMs": 142,
    "hostname": "https://d8d0000090l4eeaq-dev-ed.develop.my.salesforce.com",
    "orgId": "00D8d0000090l4EEAQ",
    "username": "ridvansaman34@gmail.com",
    "testRunId": "7078d000039dxHE",
    "userId": "0058d000005gLuVAAU"
  },
  "tests": [
    {
      "id": "07M8d000002JtLUEA0",
      "queueItemId": "7098d000000V0XxAAK",
      "stackTrace": "Class.CalculatorTest.addTwonumber: line 22, column 1",
      "message": "System.AssertException: Assertion Failed: Expected: 3, Actual: 1",
      "asyncApexJobId": "7078d000039dxHEAAY",
      "methodName": "addTwonumber",
      "outcome": "Fail",
      "apexLogId": null,
      "apexClass": {
        "id": "01p8d00000QwvGoAAJ",
        "name": "CalculatorTest",
        "namespacePrefix": null,
        "fullName": "CalculatorTest"
      },
      "runTime": 26,
      "testTimestamp": "2023-04-13T16:09:54.000+0000",
      "fullName": "CalculatorTest.addTwonumber",
      "diagnostic": {
        "exceptionMessage": "System.AssertException: Assertion Failed: Expected: 3, Actual: 1",
        "exceptionStackTrace": "Class.CalculatorTest.addTwonumber: line 22, column 1",
        "className": "CalculatorTest",
        "compileProblem": "",
        "lineNumber": 22,
        "columnNumber": 1
      }
    }
  ]
}